Arguments: 
  /usr/local/bin/node /usr/local/bin/yarn init

PATH: 
  /home/sasuke/.rvm/gems/ruby-2.5.3/bin:/home/sasuke/.rvm/gems/ruby-2.5.3@global/bin:/home/sasuke/.rvm/rubies/ruby-2.5.3/bin:/usr/local/sbin:/usr/local/bin:/usr/sbin:/usr/bin:/sbin:/bin:/usr/games:/usr/local/games:/snap/bin:/home/sasuke/.rvm/bin:/home/sasuke/.rvm/bin:/home/sasuke/.rvm/bin

Yarn version: 
  1.15.2

Node version: 
  11.8.0

Platform: 
  linux x64

Trace: 
  Error: canceled
      at Interface.<anonymous> (/usr/local/lib/node_modules/yarn/lib/cli.js:125801:13)
      at Interface.emit (events.js:197:13)
      at Interface._ttyWrite (readline.js:799:16)
      at ReadStream.onkeypress (readline.js:184:10)
      at ReadStream.emit (events.js:197:13)
      at emitKeys (internal/readline.js:424:14)
      at emitKeys.next (<anonymous>)
      at ReadStream.onData (readline.js:1071:36)
      at ReadStream.emit (events.js:197:13)
      at addChunk (_stream_readable.js:288:12)

npm manifest: 
  No manifest

yarn manifest: 
  No manifest

Lockfile: 
  No lockfile
